<?xml version="1.0" encoding="UTF-8"?>
<!-- Generated by org.testng.reporters.JUnitReportReporter -->
<testsuite hostname="jyothi-Latitude-E7440" failures="0" tests="2" name="com.qa.test.SignInTest" time="32.952" errors="0" timestamp="12 Oct 2018 06:45:42 GMT" skipped="0">
  <testcase classname="com.qa.test.SignInTest" name="shouldThrowAnErrorIfSignInDetailsAreMissing" time="10.819"/>
  <testcase classname="com.qa.test.SignInTest" name="successfulLogin" time="22.133"/>
</testsuite> <!-- com.qa.test.SignInTest -->
