<?xml version="1.0" encoding="UTF-8"?>
<!-- Generated by org.testng.reporters.JUnitReportReporter -->
<testsuite hostname="jyothi-Latitude-E7440" failures="0" tests="1" name="com.qa.test.HotelBookingTest" time="47.161" errors="0" timestamp="12 Oct 2018 06:45:42 GMT" skipped="0">
  <testcase classname="com.qa.test.HotelBookingTest" name="testHotelBooking" time="47.161"/>
</testsuite> <!-- com.qa.test.HotelBookingTest -->
